<?xml version="1.0" encoding="UTF-8"?>
<!-- Generated by org.testng.reporters.JUnitReportReporter -->
<testsuite hostname="DESKTOP-EEK1CB1" name="Testng.Triangle" tests="1" failures="0" timestamp="6 Jan 2016 08:38:27 GMT" time="39.421" errors="0">
  <testcase name="test" time="39.421" classname="Testng.Triangle"/>
</testsuite> <!-- Testng.Triangle -->
